2024-11-12 14:55:20,885 [Worker-6: Loading available Gradle versions] INFO  o.e.b.c.i.u.g.PublishedGradleVersions - Gradle version information cache is up-to-date. Trying to read.
2024-11-12 15:04:55,116 [Worker-13: Enabling Maven Dependency Management] INFO  o.e.m.c.i.l.LifecycleMappingFactory - Using org.maven.ide.eclipse.wtp.WarLifecycleMapping lifecycle mapping for MavenProject: tuk-team-gem:tuk-team-gem:0.0.1-SNAPSHOT @ C:\Dev\Java_web\tuk-team-gem\tuk-team-gem\tuk-team-gem\pom.xml.
2024-11-12 15:04:58,592 [Worker-13: Enabling Maven Dependency Management] INFO  o.e.m.j.i.AbstractJavaProjectConfigurator - Adding source folder /tuk-team-gem/src/main/java
2024-11-12 15:04:58,598 [Worker-13: Enabling Maven Dependency Management] INFO  o.e.m.j.i.AbstractJavaProjectConfigurator - Adding resource folder /tuk-team-gem/src/main/resources
2024-11-12 15:04:58,601 [Worker-13: Enabling Maven Dependency Management] INFO  o.e.m.j.i.AbstractJavaProjectConfigurator - Adding source folder /tuk-team-gem/src/test/java
2024-11-12 15:04:58,604 [Worker-13: Enabling Maven Dependency Management] INFO  o.e.m.j.i.AbstractJavaProjectConfigurator - Adding resource folder /tuk-team-gem/src/test/resources
2024-11-12 15:04:59,553 [Worker-22: Building] WARN  o.a.m.s.f.DefaultMavenResourcesFiltering - Using platform encoding (UTF-8 actually) to copy filtered resources, i.e. build is platform dependent!
2024-11-12 15:04:59,557 [Worker-22: Building] INFO  o.a.m.s.f.DefaultMavenResourcesFiltering - skip non existing resourceDirectory C:\Dev\Java_web\tuk-team-gem\tuk-team-gem\tuk-team-gem\src\main\resources
2024-11-12 15:04:59,573 [Worker-22: Building] WARN  o.a.m.s.f.DefaultMavenResourcesFiltering - Using platform encoding (UTF-8 actually) to copy filtered resources, i.e. build is platform dependent!
2024-11-12 15:04:59,577 [Worker-22: Building] INFO  o.a.m.s.f.DefaultMavenResourcesFiltering - skip non existing resourceDirectory C:\Dev\Java_web\tuk-team-gem\tuk-team-gem\tuk-team-gem\src\test\resources
2024-11-12 15:05:02,767 [Worker-24: Building] WARN  o.a.m.s.f.DefaultMavenResourcesFiltering - Using platform encoding (UTF-8 actually) to copy filtered resources, i.e. build is platform dependent!
2024-11-12 15:05:02,767 [Worker-24: Building] INFO  o.a.m.s.f.DefaultMavenResourcesFiltering - skip non existing resourceDirectory C:\Dev\Java_web\tuk-team-gem\tuk-team-gem\tuk-team-gem\src\main\resources
2024-11-12 15:05:02,767 [Worker-24: Building] WARN  o.a.m.s.f.DefaultMavenResourcesFiltering - Using platform encoding (UTF-8 actually) to copy filtered resources, i.e. build is platform dependent!
2024-11-12 15:05:02,782 [Worker-24: Building] INFO  o.a.m.s.f.DefaultMavenResourcesFiltering - skip non existing resourceDirectory C:\Dev\Java_web\tuk-team-gem\tuk-team-gem\tuk-team-gem\src\test\resources
2024-11-12 15:05:03,282 [Worker-13: Enabling Maven Dependency Management] INFO  o.e.m.c.i.p.ProjectConfigurationManager - Update started
2024-11-12 15:05:04,845 [Worker-13: Enabling Maven Dependency Management] INFO  o.e.m.c.i.l.LifecycleMappingFactory - Using org.maven.ide.eclipse.wtp.WarLifecycleMapping lifecycle mapping for MavenProject: tuk-team-gem:tuk-team-gem:0.0.1-SNAPSHOT @ C:\Dev\Java_web\tuk-team-gem\tuk-team-gem\tuk-team-gem\pom.xml.
2024-11-12 15:05:06,541 [Worker-13: Enabling Maven Dependency Management] INFO  o.e.m.j.i.AbstractJavaProjectConfigurator - Adding source folder /tuk-team-gem/src/main/java
2024-11-12 15:05:06,541 [Worker-13: Enabling Maven Dependency Management] INFO  o.e.m.j.i.AbstractJavaProjectConfigurator - Adding resource folder /tuk-team-gem/src/main/resources
2024-11-12 15:05:06,541 [Worker-13: Enabling Maven Dependency Management] INFO  o.e.m.j.i.AbstractJavaProjectConfigurator - Adding source folder /tuk-team-gem/src/test/java
2024-11-12 15:05:06,557 [Worker-13: Enabling Maven Dependency Management] INFO  o.e.m.j.i.AbstractJavaProjectConfigurator - Adding resource folder /tuk-team-gem/src/test/resources
2024-11-12 15:05:07,260 [Worker-13: Enabling Maven Dependency Management] INFO  o.e.m.w.i.f.ResourceFilteringBuildParticipant - Cleaning filtered folder for tuk-team-gem
2024-11-12 15:05:07,338 [Worker-13: Enabling Maven Dependency Management] INFO  o.e.m.c.i.p.ProjectConfigurationManager - Update completed for 1 poms: local refresh takes 0.00 sec, refresh facades takes 2.00 sec, update config takes 0.00 sec 
2024-11-12 15:05:07,510 [Worker-24: Building] WARN  o.a.m.s.f.DefaultMavenResourcesFiltering - Using platform encoding (UTF-8 actually) to copy filtered resources, i.e. build is platform dependent!
2024-11-12 15:05:07,510 [Worker-24: Building] INFO  o.a.m.s.f.DefaultMavenResourcesFiltering - skip non existing resourceDirectory C:\Dev\Java_web\tuk-team-gem\tuk-team-gem\tuk-team-gem\src\main\resources
2024-11-12 15:05:07,526 [Worker-24: Building] WARN  o.a.m.s.f.DefaultMavenResourcesFiltering - Using platform encoding (UTF-8 actually) to copy filtered resources, i.e. build is platform dependent!
2024-11-12 15:05:07,526 [Worker-24: Building] INFO  o.a.m.s.f.DefaultMavenResourcesFiltering - skip non existing resourceDirectory C:\Dev\Java_web\tuk-team-gem\tuk-team-gem\tuk-team-gem\src\test\resources
2024-11-12 15:05:07,526 [Worker-24: Building] INFO  o.e.m.w.i.f.ResourceFilteringBuildParticipant - Changed resources require a complete clean of filtered resources of tuk-team-gem
2024-11-12 15:05:07,526 [Worker-24: Building] INFO  o.e.m.w.i.f.ResourceFilteringBuildParticipant - Executing resource filtering for tuk-team-gem
2024-11-12 15:06:45,724 [Worker-22: Building] INFO  o.e.m.c.i.l.LifecycleMappingFactory - Using org.maven.ide.eclipse.wtp.WarLifecycleMapping lifecycle mapping for MavenProject: tuk-team-gem:tuk-team-gem:0.0.1-SNAPSHOT @ C:\Dev\Java_web\tuk-team-gem\tuk-team-gem\tuk-team-gem\pom.xml.
2024-11-12 15:06:46,863 [Worker-22: Building] WARN  o.a.m.s.f.DefaultMavenResourcesFiltering - Using platform encoding (UTF-8 actually) to copy filtered resources, i.e. build is platform dependent!
2024-11-12 15:06:46,866 [Worker-22: Building] INFO  o.a.m.s.f.DefaultMavenResourcesFiltering - skip non existing resourceDirectory C:\Dev\Java_web\tuk-team-gem\tuk-team-gem\tuk-team-gem\src\main\resources
2024-11-12 15:06:46,874 [Worker-22: Building] WARN  o.a.m.s.f.DefaultMavenResourcesFiltering - Using platform encoding (UTF-8 actually) to copy filtered resources, i.e. build is platform dependent!
2024-11-12 15:06:46,877 [Worker-22: Building] INFO  o.a.m.s.f.DefaultMavenResourcesFiltering - skip non existing resourceDirectory C:\Dev\Java_web\tuk-team-gem\tuk-team-gem\tuk-team-gem\src\test\resources
2024-11-12 15:06:46,878 [Worker-22: Building] INFO  o.e.m.w.i.f.ResourceFilteringBuildParticipant - Changed resources require a complete clean of filtered resources of tuk-team-gem
2024-11-12 15:06:46,878 [Worker-22: Building] INFO  o.e.m.w.i.f.ResourceFilteringBuildParticipant - Executing resource filtering for tuk-team-gem
2024-11-12 15:07:00,935 [Worker-8: Updating Maven Project] INFO  o.e.m.c.i.p.ProjectConfigurationManager - Update started
2024-11-12 15:07:01,588 [Worker-8: Updating Maven Project] INFO  o.e.m.c.i.l.LifecycleMappingFactory - Using org.maven.ide.eclipse.wtp.WarLifecycleMapping lifecycle mapping for MavenProject: tuk-team-gem:tuk-team-gem:0.0.1-SNAPSHOT @ C:\Dev\Java_web\tuk-team-gem\tuk-team-gem\tuk-team-gem\pom.xml.
2024-11-12 15:07:02,561 [Worker-8: Updating Maven Project] INFO  o.e.m.j.i.AbstractJavaProjectConfigurator - Adding source folder /tuk-team-gem/src/main/java
2024-11-12 15:07:02,563 [Worker-8: Updating Maven Project] INFO  o.e.m.j.i.AbstractJavaProjectConfigurator - Adding resource folder /tuk-team-gem/src/main/resources
2024-11-12 15:07:02,565 [Worker-8: Updating Maven Project] INFO  o.e.m.j.i.AbstractJavaProjectConfigurator - Adding source folder /tuk-team-gem/src/test/java
2024-11-12 15:07:02,567 [Worker-8: Updating Maven Project] INFO  o.e.m.j.i.AbstractJavaProjectConfigurator - Adding resource folder /tuk-team-gem/src/test/resources
2024-11-12 15:07:03,296 [Worker-8: Updating Maven Project] INFO  o.e.m.w.i.f.ResourceFilteringBuildParticipant - Cleaning filtered folder for tuk-team-gem
2024-11-12 15:07:03,325 [Worker-8: Updating Maven Project] INFO  o.e.m.c.i.p.ProjectConfigurationManager - Update completed for 1 poms: local refresh takes 0.00 sec, refresh facades takes 1.00 sec, update config takes 0.00 sec 
2024-11-12 15:07:03,547 [Worker-23: Building] WARN  o.a.m.s.f.DefaultMavenResourcesFiltering - Using platform encoding (UTF-8 actually) to copy filtered resources, i.e. build is platform dependent!
2024-11-12 15:07:03,550 [Worker-23: Building] INFO  o.a.m.s.f.DefaultMavenResourcesFiltering - skip non existing resourceDirectory C:\Dev\Java_web\tuk-team-gem\tuk-team-gem\tuk-team-gem\src\main\resources
2024-11-12 15:07:03,560 [Worker-23: Building] WARN  o.a.m.s.f.DefaultMavenResourcesFiltering - Using platform encoding (UTF-8 actually) to copy filtered resources, i.e. build is platform dependent!
2024-11-12 15:07:03,562 [Worker-23: Building] INFO  o.a.m.s.f.DefaultMavenResourcesFiltering - skip non existing resourceDirectory C:\Dev\Java_web\tuk-team-gem\tuk-team-gem\tuk-team-gem\src\test\resources
2024-11-12 15:07:03,563 [Worker-23: Building] INFO  o.e.m.w.i.f.ResourceFilteringBuildParticipant - Changed resources require a complete clean of filtered resources of tuk-team-gem
2024-11-12 15:07:03,564 [Worker-23: Building] INFO  o.e.m.w.i.f.ResourceFilteringBuildParticipant - Executing resource filtering for tuk-team-gem
2024-11-13 20:54:45,003 [Worker-0: Loading available Gradle versions] INFO  o.e.b.c.i.u.g.PublishedGradleVersions - Gradle version information cache is out-of-date. Trying to update.
2024-11-13 20:54:56,664 [Worker-2: Building] WARN  o.a.m.s.f.DefaultMavenResourcesFiltering - Using platform encoding (UTF-8 actually) to copy filtered resources, i.e. build is platform dependent!
2024-11-13 20:54:56,667 [Worker-2: Building] INFO  o.a.m.s.f.DefaultMavenResourcesFiltering - skip non existing resourceDirectory C:\Dev\Java_web\tuk-team-gem\tuk-team-gem\tuk-team-gem\src\main\resources
2024-11-13 20:54:56,686 [Worker-2: Building] WARN  o.a.m.s.f.DefaultMavenResourcesFiltering - Using platform encoding (UTF-8 actually) to copy filtered resources, i.e. build is platform dependent!
2024-11-13 20:54:56,688 [Worker-2: Building] INFO  o.a.m.s.f.DefaultMavenResourcesFiltering - skip non existing resourceDirectory C:\Dev\Java_web\tuk-team-gem\tuk-team-gem\tuk-team-gem\src\test\resources
2024-11-13 20:55:26,156 [Worker-1: Building] WARN  o.a.m.s.f.DefaultMavenResourcesFiltering - Using platform encoding (UTF-8 actually) to copy filtered resources, i.e. build is platform dependent!
2024-11-13 20:55:26,159 [Worker-1: Building] INFO  o.a.m.s.f.DefaultMavenResourcesFiltering - skip non existing resourceDirectory C:\Dev\Java_web\tuk-team-gem\tuk-team-gem\tuk-team-gem\src\main\resources
2024-11-13 20:55:26,174 [Worker-1: Building] WARN  o.a.m.s.f.DefaultMavenResourcesFiltering - Using platform encoding (UTF-8 actually) to copy filtered resources, i.e. build is platform dependent!
2024-11-13 20:55:26,178 [Worker-1: Building] INFO  o.a.m.s.f.DefaultMavenResourcesFiltering - skip non existing resourceDirectory C:\Dev\Java_web\tuk-team-gem\tuk-team-gem\tuk-team-gem\src\test\resources
2024-11-13 21:06:32,335 [Worker-22: Building] WARN  o.a.m.s.f.DefaultMavenResourcesFiltering - Using platform encoding (UTF-8 actually) to copy filtered resources, i.e. build is platform dependent!
2024-11-13 21:06:32,337 [Worker-22: Building] INFO  o.a.m.s.f.DefaultMavenResourcesFiltering - skip non existing resourceDirectory C:\Dev\Java_web\tuk-team-gem\tuk-team-gem\tuk-team-gem\src\main\resources
2024-11-13 21:06:32,343 [Worker-22: Building] WARN  o.a.m.s.f.DefaultMavenResourcesFiltering - Using platform encoding (UTF-8 actually) to copy filtered resources, i.e. build is platform dependent!
2024-11-13 21:06:32,344 [Worker-22: Building] INFO  o.a.m.s.f.DefaultMavenResourcesFiltering - skip non existing resourceDirectory C:\Dev\Java_web\tuk-team-gem\tuk-team-gem\tuk-team-gem\src\test\resources
2024-11-13 21:09:04,818 [Worker-25: Building] WARN  o.a.m.s.f.DefaultMavenResourcesFiltering - Using platform encoding (UTF-8 actually) to copy filtered resources, i.e. build is platform dependent!
2024-11-13 21:09:04,821 [Worker-25: Building] INFO  o.a.m.s.f.DefaultMavenResourcesFiltering - skip non existing resourceDirectory C:\Dev\Java_web\tuk-team-gem\tuk-team-gem\tuk-team-gem\src\main\resources
2024-11-13 21:09:04,827 [Worker-25: Building] WARN  o.a.m.s.f.DefaultMavenResourcesFiltering - Using platform encoding (UTF-8 actually) to copy filtered resources, i.e. build is platform dependent!
2024-11-13 21:09:04,830 [Worker-25: Building] INFO  o.a.m.s.f.DefaultMavenResourcesFiltering - skip non existing resourceDirectory C:\Dev\Java_web\tuk-team-gem\tuk-team-gem\tuk-team-gem\src\test\resources
2024-11-13 21:11:53,479 [Worker-22: Building] WARN  o.a.m.s.f.DefaultMavenResourcesFiltering - Using platform encoding (UTF-8 actually) to copy filtered resources, i.e. build is platform dependent!
2024-11-13 21:11:53,482 [Worker-22: Building] INFO  o.a.m.s.f.DefaultMavenResourcesFiltering - skip non existing resourceDirectory C:\Dev\Java_web\tuk-team-gem\tuk-team-gem\tuk-team-gem\src\main\resources
2024-11-13 21:11:53,489 [Worker-22: Building] WARN  o.a.m.s.f.DefaultMavenResourcesFiltering - Using platform encoding (UTF-8 actually) to copy filtered resources, i.e. build is platform dependent!
2024-11-13 21:11:53,491 [Worker-22: Building] INFO  o.a.m.s.f.DefaultMavenResourcesFiltering - skip non existing resourceDirectory C:\Dev\Java_web\tuk-team-gem\tuk-team-gem\tuk-team-gem\src\test\resources
2024-11-13 21:12:24,239 [Worker-6: Building] WARN  o.a.m.s.f.DefaultMavenResourcesFiltering - Using platform encoding (UTF-8 actually) to copy filtered resources, i.e. build is platform dependent!
2024-11-13 21:12:24,241 [Worker-6: Building] INFO  o.a.m.s.f.DefaultMavenResourcesFiltering - skip non existing resourceDirectory C:\Dev\Java_web\tuk-team-gem\tuk-team-gem\tuk-team-gem\src\main\resources
2024-11-13 21:12:24,249 [Worker-6: Building] WARN  o.a.m.s.f.DefaultMavenResourcesFiltering - Using platform encoding (UTF-8 actually) to copy filtered resources, i.e. build is platform dependent!
2024-11-13 21:12:24,251 [Worker-6: Building] INFO  o.a.m.s.f.DefaultMavenResourcesFiltering - skip non existing resourceDirectory C:\Dev\Java_web\tuk-team-gem\tuk-team-gem\tuk-team-gem\src\test\resources
2024-11-13 21:12:32,871 [Worker-22: Building] WARN  o.a.m.s.f.DefaultMavenResourcesFiltering - Using platform encoding (UTF-8 actually) to copy filtered resources, i.e. build is platform dependent!
2024-11-13 21:12:32,872 [Worker-22: Building] INFO  o.a.m.s.f.DefaultMavenResourcesFiltering - skip non existing resourceDirectory C:\Dev\Java_web\tuk-team-gem\tuk-team-gem\tuk-team-gem\src\main\resources
2024-11-13 21:12:32,879 [Worker-22: Building] WARN  o.a.m.s.f.DefaultMavenResourcesFiltering - Using platform encoding (UTF-8 actually) to copy filtered resources, i.e. build is platform dependent!
2024-11-13 21:12:32,881 [Worker-22: Building] INFO  o.a.m.s.f.DefaultMavenResourcesFiltering - skip non existing resourceDirectory C:\Dev\Java_web\tuk-team-gem\tuk-team-gem\tuk-team-gem\src\test\resources
2024-11-13 21:12:46,484 [Worker-28: Building] WARN  o.a.m.s.f.DefaultMavenResourcesFiltering - Using platform encoding (UTF-8 actually) to copy filtered resources, i.e. build is platform dependent!
2024-11-13 21:12:46,486 [Worker-28: Building] INFO  o.a.m.s.f.DefaultMavenResourcesFiltering - skip non existing resourceDirectory C:\Dev\Java_web\tuk-team-gem\tuk-team-gem\tuk-team-gem\src\main\resources
2024-11-13 21:12:46,493 [Worker-28: Building] WARN  o.a.m.s.f.DefaultMavenResourcesFiltering - Using platform encoding (UTF-8 actually) to copy filtered resources, i.e. build is platform dependent!
2024-11-13 21:12:46,495 [Worker-28: Building] INFO  o.a.m.s.f.DefaultMavenResourcesFiltering - skip non existing resourceDirectory C:\Dev\Java_web\tuk-team-gem\tuk-team-gem\tuk-team-gem\src\test\resources
2024-11-13 21:13:50,746 [Worker-6: Building] WARN  o.a.m.s.f.DefaultMavenResourcesFiltering - Using platform encoding (UTF-8 actually) to copy filtered resources, i.e. build is platform dependent!
2024-11-13 21:13:50,748 [Worker-6: Building] INFO  o.a.m.s.f.DefaultMavenResourcesFiltering - skip non existing resourceDirectory C:\Dev\Java_web\tuk-team-gem\tuk-team-gem\tuk-team-gem\src\main\resources
2024-11-13 21:13:50,753 [Worker-6: Building] WARN  o.a.m.s.f.DefaultMavenResourcesFiltering - Using platform encoding (UTF-8 actually) to copy filtered resources, i.e. build is platform dependent!
2024-11-13 21:13:50,754 [Worker-6: Building] INFO  o.a.m.s.f.DefaultMavenResourcesFiltering - skip non existing resourceDirectory C:\Dev\Java_web\tuk-team-gem\tuk-team-gem\tuk-team-gem\src\test\resources
2024-11-13 21:14:30,320 [Worker-6: Building] WARN  o.a.m.s.f.DefaultMavenResourcesFiltering - Using platform encoding (UTF-8 actually) to copy filtered resources, i.e. build is platform dependent!
2024-11-13 21:14:30,323 [Worker-6: Building] INFO  o.a.m.s.f.DefaultMavenResourcesFiltering - skip non existing resourceDirectory C:\Dev\Java_web\tuk-team-gem\tuk-team-gem\tuk-team-gem\src\main\resources
2024-11-13 21:14:30,328 [Worker-6: Building] WARN  o.a.m.s.f.DefaultMavenResourcesFiltering - Using platform encoding (UTF-8 actually) to copy filtered resources, i.e. build is platform dependent!
2024-11-13 21:14:30,330 [Worker-6: Building] INFO  o.a.m.s.f.DefaultMavenResourcesFiltering - skip non existing resourceDirectory C:\Dev\Java_web\tuk-team-gem\tuk-team-gem\tuk-team-gem\src\test\resources
2024-11-13 21:15:45,428 [Worker-27: Building] WARN  o.a.m.s.f.DefaultMavenResourcesFiltering - Using platform encoding (UTF-8 actually) to copy filtered resources, i.e. build is platform dependent!
2024-11-13 21:15:45,431 [Worker-27: Building] INFO  o.a.m.s.f.DefaultMavenResourcesFiltering - skip non existing resourceDirectory C:\Dev\Java_web\tuk-team-gem\tuk-team-gem\tuk-team-gem\src\main\resources
2024-11-13 21:15:45,437 [Worker-27: Building] WARN  o.a.m.s.f.DefaultMavenResourcesFiltering - Using platform encoding (UTF-8 actually) to copy filtered resources, i.e. build is platform dependent!
2024-11-13 21:15:45,440 [Worker-27: Building] INFO  o.a.m.s.f.DefaultMavenResourcesFiltering - skip non existing resourceDirectory C:\Dev\Java_web\tuk-team-gem\tuk-team-gem\tuk-team-gem\src\test\resources
2024-11-13 21:15:49,194 [Worker-28: Building] WARN  o.a.m.s.f.DefaultMavenResourcesFiltering - Using platform encoding (UTF-8 actually) to copy filtered resources, i.e. build is platform dependent!
2024-11-13 21:15:49,196 [Worker-28: Building] INFO  o.a.m.s.f.DefaultMavenResourcesFiltering - skip non existing resourceDirectory C:\Dev\Java_web\tuk-team-gem\tuk-team-gem\tuk-team-gem\src\main\resources
2024-11-13 21:15:49,200 [Worker-28: Building] WARN  o.a.m.s.f.DefaultMavenResourcesFiltering - Using platform encoding (UTF-8 actually) to copy filtered resources, i.e. build is platform dependent!
2024-11-13 21:15:49,202 [Worker-28: Building] INFO  o.a.m.s.f.DefaultMavenResourcesFiltering - skip non existing resourceDirectory C:\Dev\Java_web\tuk-team-gem\tuk-team-gem\tuk-team-gem\src\test\resources
2024-11-13 21:16:19,236 [Worker-29: Building] WARN  o.a.m.s.f.DefaultMavenResourcesFiltering - Using platform encoding (UTF-8 actually) to copy filtered resources, i.e. build is platform dependent!
2024-11-13 21:16:19,239 [Worker-29: Building] INFO  o.a.m.s.f.DefaultMavenResourcesFiltering - skip non existing resourceDirectory C:\Dev\Java_web\tuk-team-gem\tuk-team-gem\tuk-team-gem\src\main\resources
2024-11-13 21:16:19,247 [Worker-29: Building] WARN  o.a.m.s.f.DefaultMavenResourcesFiltering - Using platform encoding (UTF-8 actually) to copy filtered resources, i.e. build is platform dependent!
2024-11-13 21:16:19,249 [Worker-29: Building] INFO  o.a.m.s.f.DefaultMavenResourcesFiltering - skip non existing resourceDirectory C:\Dev\Java_web\tuk-team-gem\tuk-team-gem\tuk-team-gem\src\test\resources
2024-11-13 21:16:24,657 [Worker-29: Building] WARN  o.a.m.s.f.DefaultMavenResourcesFiltering - Using platform encoding (UTF-8 actually) to copy filtered resources, i.e. build is platform dependent!
2024-11-13 21:16:24,659 [Worker-29: Building] INFO  o.a.m.s.f.DefaultMavenResourcesFiltering - skip non existing resourceDirectory C:\Dev\Java_web\tuk-team-gem\tuk-team-gem\tuk-team-gem\src\main\resources
2024-11-13 21:16:24,663 [Worker-29: Building] WARN  o.a.m.s.f.DefaultMavenResourcesFiltering - Using platform encoding (UTF-8 actually) to copy filtered resources, i.e. build is platform dependent!
2024-11-13 21:16:24,665 [Worker-29: Building] INFO  o.a.m.s.f.DefaultMavenResourcesFiltering - skip non existing resourceDirectory C:\Dev\Java_web\tuk-team-gem\tuk-team-gem\tuk-team-gem\src\test\resources
2024-11-13 21:16:34,398 [Worker-28: Building] WARN  o.a.m.s.f.DefaultMavenResourcesFiltering - Using platform encoding (UTF-8 actually) to copy filtered resources, i.e. build is platform dependent!
2024-11-13 21:16:34,398 [Worker-28: Building] INFO  o.a.m.s.f.DefaultMavenResourcesFiltering - skip non existing resourceDirectory C:\Dev\Java_web\tuk-team-gem\tuk-team-gem\tuk-team-gem\src\main\resources
2024-11-13 21:16:34,398 [Worker-28: Building] WARN  o.a.m.s.f.DefaultMavenResourcesFiltering - Using platform encoding (UTF-8 actually) to copy filtered resources, i.e. build is platform dependent!
2024-11-13 21:16:34,398 [Worker-28: Building] INFO  o.a.m.s.f.DefaultMavenResourcesFiltering - skip non existing resourceDirectory C:\Dev\Java_web\tuk-team-gem\tuk-team-gem\tuk-team-gem\src\test\resources
2024-11-13 21:17:11,221 [Worker-22: Building] WARN  o.a.m.s.f.DefaultMavenResourcesFiltering - Using platform encoding (UTF-8 actually) to copy filtered resources, i.e. build is platform dependent!
2024-11-13 21:17:11,223 [Worker-22: Building] INFO  o.a.m.s.f.DefaultMavenResourcesFiltering - skip non existing resourceDirectory C:\Dev\Java_web\tuk-team-gem\tuk-team-gem\tuk-team-gem\src\main\resources
2024-11-13 21:17:11,229 [Worker-22: Building] WARN  o.a.m.s.f.DefaultMavenResourcesFiltering - Using platform encoding (UTF-8 actually) to copy filtered resources, i.e. build is platform dependent!
2024-11-13 21:17:11,231 [Worker-22: Building] INFO  o.a.m.s.f.DefaultMavenResourcesFiltering - skip non existing resourceDirectory C:\Dev\Java_web\tuk-team-gem\tuk-team-gem\tuk-team-gem\src\test\resources
2024-11-13 21:17:38,564 [Worker-22: Building] WARN  o.a.m.s.f.DefaultMavenResourcesFiltering - Using platform encoding (UTF-8 actually) to copy filtered resources, i.e. build is platform dependent!
2024-11-13 21:17:38,566 [Worker-22: Building] INFO  o.a.m.s.f.DefaultMavenResourcesFiltering - skip non existing resourceDirectory C:\Dev\Java_web\tuk-team-gem\tuk-team-gem\tuk-team-gem\src\main\resources
2024-11-13 21:17:38,571 [Worker-22: Building] WARN  o.a.m.s.f.DefaultMavenResourcesFiltering - Using platform encoding (UTF-8 actually) to copy filtered resources, i.e. build is platform dependent!
2024-11-13 21:17:38,573 [Worker-22: Building] INFO  o.a.m.s.f.DefaultMavenResourcesFiltering - skip non existing resourceDirectory C:\Dev\Java_web\tuk-team-gem\tuk-team-gem\tuk-team-gem\src\test\resources
2024-11-13 21:17:51,550 [Worker-29: Building] WARN  o.a.m.s.f.DefaultMavenResourcesFiltering - Using platform encoding (UTF-8 actually) to copy filtered resources, i.e. build is platform dependent!
2024-11-13 21:17:51,552 [Worker-29: Building] INFO  o.a.m.s.f.DefaultMavenResourcesFiltering - skip non existing resourceDirectory C:\Dev\Java_web\tuk-team-gem\tuk-team-gem\tuk-team-gem\src\main\resources
2024-11-13 21:17:51,556 [Worker-29: Building] WARN  o.a.m.s.f.DefaultMavenResourcesFiltering - Using platform encoding (UTF-8 actually) to copy filtered resources, i.e. build is platform dependent!
2024-11-13 21:17:51,558 [Worker-29: Building] INFO  o.a.m.s.f.DefaultMavenResourcesFiltering - skip non existing resourceDirectory C:\Dev\Java_web\tuk-team-gem\tuk-team-gem\tuk-team-gem\src\test\resources
2024-11-13 21:17:59,059 [Worker-22: Building] WARN  o.a.m.s.f.DefaultMavenResourcesFiltering - Using platform encoding (UTF-8 actually) to copy filtered resources, i.e. build is platform dependent!
2024-11-13 21:17:59,061 [Worker-22: Building] INFO  o.a.m.s.f.DefaultMavenResourcesFiltering - skip non existing resourceDirectory C:\Dev\Java_web\tuk-team-gem\tuk-team-gem\tuk-team-gem\src\main\resources
2024-11-13 21:17:59,068 [Worker-22: Building] WARN  o.a.m.s.f.DefaultMavenResourcesFiltering - Using platform encoding (UTF-8 actually) to copy filtered resources, i.e. build is platform dependent!
2024-11-13 21:17:59,070 [Worker-22: Building] INFO  o.a.m.s.f.DefaultMavenResourcesFiltering - skip non existing resourceDirectory C:\Dev\Java_web\tuk-team-gem\tuk-team-gem\tuk-team-gem\src\test\resources
2024-11-13 21:19:12,217 [Worker-29: Building] WARN  o.a.m.s.f.DefaultMavenResourcesFiltering - Using platform encoding (UTF-8 actually) to copy filtered resources, i.e. build is platform dependent!
2024-11-13 21:19:12,219 [Worker-29: Building] INFO  o.a.m.s.f.DefaultMavenResourcesFiltering - skip non existing resourceDirectory C:\Dev\Java_web\tuk-team-gem\tuk-team-gem\tuk-team-gem\src\main\resources
2024-11-13 21:19:12,223 [Worker-29: Building] WARN  o.a.m.s.f.DefaultMavenResourcesFiltering - Using platform encoding (UTF-8 actually) to copy filtered resources, i.e. build is platform dependent!
2024-11-13 21:19:12,225 [Worker-29: Building] INFO  o.a.m.s.f.DefaultMavenResourcesFiltering - skip non existing resourceDirectory C:\Dev\Java_web\tuk-team-gem\tuk-team-gem\tuk-team-gem\src\test\resources
2024-11-13 21:19:25,512 [Worker-30: Building] WARN  o.a.m.s.f.DefaultMavenResourcesFiltering - Using platform encoding (UTF-8 actually) to copy filtered resources, i.e. build is platform dependent!
2024-11-13 21:19:25,513 [Worker-30: Building] INFO  o.a.m.s.f.DefaultMavenResourcesFiltering - skip non existing resourceDirectory C:\Dev\Java_web\tuk-team-gem\tuk-team-gem\tuk-team-gem\src\main\resources
2024-11-13 21:19:25,518 [Worker-30: Building] WARN  o.a.m.s.f.DefaultMavenResourcesFiltering - Using platform encoding (UTF-8 actually) to copy filtered resources, i.e. build is platform dependent!
2024-11-13 21:19:25,519 [Worker-30: Building] INFO  o.a.m.s.f.DefaultMavenResourcesFiltering - skip non existing resourceDirectory C:\Dev\Java_web\tuk-team-gem\tuk-team-gem\tuk-team-gem\src\test\resources
2024-11-13 21:22:03,888 [Worker-28: Building] WARN  o.a.m.s.f.DefaultMavenResourcesFiltering - Using platform encoding (UTF-8 actually) to copy filtered resources, i.e. build is platform dependent!
2024-11-13 21:22:03,893 [Worker-28: Building] INFO  o.a.m.s.f.DefaultMavenResourcesFiltering - skip non existing resourceDirectory C:\Dev\Java_web\tuk-team-gem\tuk-team-gem\tuk-team-gem\src\main\resources
2024-11-13 21:22:03,899 [Worker-28: Building] WARN  o.a.m.s.f.DefaultMavenResourcesFiltering - Using platform encoding (UTF-8 actually) to copy filtered resources, i.e. build is platform dependent!
2024-11-13 21:22:03,904 [Worker-28: Building] INFO  o.a.m.s.f.DefaultMavenResourcesFiltering - skip non existing resourceDirectory C:\Dev\Java_web\tuk-team-gem\tuk-team-gem\tuk-team-gem\src\test\resources
2024-11-13 21:22:18,609 [Worker-30: Building] WARN  o.a.m.s.f.DefaultMavenResourcesFiltering - Using platform encoding (UTF-8 actually) to copy filtered resources, i.e. build is platform dependent!
2024-11-13 21:22:18,611 [Worker-30: Building] INFO  o.a.m.s.f.DefaultMavenResourcesFiltering - skip non existing resourceDirectory C:\Dev\Java_web\tuk-team-gem\tuk-team-gem\tuk-team-gem\src\main\resources
2024-11-13 21:22:18,617 [Worker-30: Building] WARN  o.a.m.s.f.DefaultMavenResourcesFiltering - Using platform encoding (UTF-8 actually) to copy filtered resources, i.e. build is platform dependent!
2024-11-13 21:22:18,619 [Worker-30: Building] INFO  o.a.m.s.f.DefaultMavenResourcesFiltering - skip non existing resourceDirectory C:\Dev\Java_web\tuk-team-gem\tuk-team-gem\tuk-team-gem\src\test\resources
2024-11-13 21:22:29,081 [Worker-31: Building] WARN  o.a.m.s.f.DefaultMavenResourcesFiltering - Using platform encoding (UTF-8 actually) to copy filtered resources, i.e. build is platform dependent!
2024-11-13 21:22:29,081 [Worker-31: Building] INFO  o.a.m.s.f.DefaultMavenResourcesFiltering - skip non existing resourceDirectory C:\Dev\Java_web\tuk-team-gem\tuk-team-gem\tuk-team-gem\src\main\resources
2024-11-13 21:22:29,097 [Worker-31: Building] WARN  o.a.m.s.f.DefaultMavenResourcesFiltering - Using platform encoding (UTF-8 actually) to copy filtered resources, i.e. build is platform dependent!
2024-11-13 21:22:29,097 [Worker-31: Building] INFO  o.a.m.s.f.DefaultMavenResourcesFiltering - skip non existing resourceDirectory C:\Dev\Java_web\tuk-team-gem\tuk-team-gem\tuk-team-gem\src\test\resources
2024-11-13 21:23:11,470 [Worker-30: Building] WARN  o.a.m.s.f.DefaultMavenResourcesFiltering - Using platform encoding (UTF-8 actually) to copy filtered resources, i.e. build is platform dependent!
2024-11-13 21:23:11,473 [Worker-30: Building] INFO  o.a.m.s.f.DefaultMavenResourcesFiltering - skip non existing resourceDirectory C:\Dev\Java_web\tuk-team-gem\tuk-team-gem\tuk-team-gem\src\main\resources
2024-11-13 21:23:11,480 [Worker-30: Building] WARN  o.a.m.s.f.DefaultMavenResourcesFiltering - Using platform encoding (UTF-8 actually) to copy filtered resources, i.e. build is platform dependent!
2024-11-13 21:23:11,482 [Worker-30: Building] INFO  o.a.m.s.f.DefaultMavenResourcesFiltering - skip non existing resourceDirectory C:\Dev\Java_web\tuk-team-gem\tuk-team-gem\tuk-team-gem\src\test\resources
2024-11-13 21:24:20,680 [Worker-33: Building] WARN  o.a.m.s.f.DefaultMavenResourcesFiltering - Using platform encoding (UTF-8 actually) to copy filtered resources, i.e. build is platform dependent!
2024-11-13 21:24:20,682 [Worker-33: Building] INFO  o.a.m.s.f.DefaultMavenResourcesFiltering - skip non existing resourceDirectory C:\Dev\Java_web\tuk-team-gem\tuk-team-gem\tuk-team-gem\src\main\resources
2024-11-13 21:24:20,688 [Worker-33: Building] WARN  o.a.m.s.f.DefaultMavenResourcesFiltering - Using platform encoding (UTF-8 actually) to copy filtered resources, i.e. build is platform dependent!
2024-11-13 21:24:20,690 [Worker-33: Building] INFO  o.a.m.s.f.DefaultMavenResourcesFiltering - skip non existing resourceDirectory C:\Dev\Java_web\tuk-team-gem\tuk-team-gem\tuk-team-gem\src\test\resources
2024-11-13 21:27:16,158 [Worker-33: Building] WARN  o.a.m.s.f.DefaultMavenResourcesFiltering - Using platform encoding (UTF-8 actually) to copy filtered resources, i.e. build is platform dependent!
2024-11-13 21:27:16,160 [Worker-33: Building] INFO  o.a.m.s.f.DefaultMavenResourcesFiltering - skip non existing resourceDirectory C:\Dev\Java_web\tuk-team-gem\tuk-team-gem\tuk-team-gem\src\main\resources
2024-11-13 21:27:16,165 [Worker-33: Building] WARN  o.a.m.s.f.DefaultMavenResourcesFiltering - Using platform encoding (UTF-8 actually) to copy filtered resources, i.e. build is platform dependent!
2024-11-13 21:27:16,166 [Worker-33: Building] INFO  o.a.m.s.f.DefaultMavenResourcesFiltering - skip non existing resourceDirectory C:\Dev\Java_web\tuk-team-gem\tuk-team-gem\tuk-team-gem\src\test\resources
2024-11-13 21:27:54,015 [Worker-34: Building] WARN  o.a.m.s.f.DefaultMavenResourcesFiltering - Using platform encoding (UTF-8 actually) to copy filtered resources, i.e. build is platform dependent!
2024-11-13 21:27:54,017 [Worker-34: Building] INFO  o.a.m.s.f.DefaultMavenResourcesFiltering - skip non existing resourceDirectory C:\Dev\Java_web\tuk-team-gem\tuk-team-gem\tuk-team-gem\src\main\resources
2024-11-13 21:27:54,020 [Worker-34: Building] WARN  o.a.m.s.f.DefaultMavenResourcesFiltering - Using platform encoding (UTF-8 actually) to copy filtered resources, i.e. build is platform dependent!
2024-11-13 21:27:54,022 [Worker-34: Building] INFO  o.a.m.s.f.DefaultMavenResourcesFiltering - skip non existing resourceDirectory C:\Dev\Java_web\tuk-team-gem\tuk-team-gem\tuk-team-gem\src\test\resources
2024-11-13 21:31:03,188 [Worker-36: Building] WARN  o.a.m.s.f.DefaultMavenResourcesFiltering - Using platform encoding (UTF-8 actually) to copy filtered resources, i.e. build is platform dependent!
2024-11-13 21:31:03,190 [Worker-36: Building] INFO  o.a.m.s.f.DefaultMavenResourcesFiltering - skip non existing resourceDirectory C:\Dev\Java_web\tuk-team-gem\tuk-team-gem\tuk-team-gem\src\main\resources
2024-11-13 21:31:03,195 [Worker-36: Building] WARN  o.a.m.s.f.DefaultMavenResourcesFiltering - Using platform encoding (UTF-8 actually) to copy filtered resources, i.e. build is platform dependent!
2024-11-13 21:31:03,197 [Worker-36: Building] INFO  o.a.m.s.f.DefaultMavenResourcesFiltering - skip non existing resourceDirectory C:\Dev\Java_web\tuk-team-gem\tuk-team-gem\tuk-team-gem\src\test\resources
2024-11-13 21:31:55,417 [Worker-36: Building] WARN  o.a.m.s.f.DefaultMavenResourcesFiltering - Using platform encoding (UTF-8 actually) to copy filtered resources, i.e. build is platform dependent!
2024-11-13 21:31:55,419 [Worker-36: Building] INFO  o.a.m.s.f.DefaultMavenResourcesFiltering - skip non existing resourceDirectory C:\Dev\Java_web\tuk-team-gem\tuk-team-gem\tuk-team-gem\src\main\resources
2024-11-13 21:31:55,424 [Worker-36: Building] WARN  o.a.m.s.f.DefaultMavenResourcesFiltering - Using platform encoding (UTF-8 actually) to copy filtered resources, i.e. build is platform dependent!
2024-11-13 21:31:55,425 [Worker-36: Building] INFO  o.a.m.s.f.DefaultMavenResourcesFiltering - skip non existing resourceDirectory C:\Dev\Java_web\tuk-team-gem\tuk-team-gem\tuk-team-gem\src\test\resources
2024-11-13 21:32:27,911 [Worker-36: Building] WARN  o.a.m.s.f.DefaultMavenResourcesFiltering - Using platform encoding (UTF-8 actually) to copy filtered resources, i.e. build is platform dependent!
2024-11-13 21:32:27,914 [Worker-36: Building] INFO  o.a.m.s.f.DefaultMavenResourcesFiltering - skip non existing resourceDirectory C:\Dev\Java_web\tuk-team-gem\tuk-team-gem\tuk-team-gem\src\main\resources
2024-11-13 21:32:27,919 [Worker-36: Building] WARN  o.a.m.s.f.DefaultMavenResourcesFiltering - Using platform encoding (UTF-8 actually) to copy filtered resources, i.e. build is platform dependent!
2024-11-13 21:32:27,924 [Worker-36: Building] INFO  o.a.m.s.f.DefaultMavenResourcesFiltering - skip non existing resourceDirectory C:\Dev\Java_web\tuk-team-gem\tuk-team-gem\tuk-team-gem\src\test\resources
2024-11-13 21:35:11,778 [Worker-35: Building] WARN  o.a.m.s.f.DefaultMavenResourcesFiltering - Using platform encoding (UTF-8 actually) to copy filtered resources, i.e. build is platform dependent!
2024-11-13 21:35:11,779 [Worker-35: Building] INFO  o.a.m.s.f.DefaultMavenResourcesFiltering - skip non existing resourceDirectory C:\Dev\Java_web\tuk-team-gem\tuk-team-gem\tuk-team-gem\src\main\resources
2024-11-13 21:35:11,781 [Worker-35: Building] WARN  o.a.m.s.f.DefaultMavenResourcesFiltering - Using platform encoding (UTF-8 actually) to copy filtered resources, i.e. build is platform dependent!
2024-11-13 21:35:11,782 [Worker-35: Building] INFO  o.a.m.s.f.DefaultMavenResourcesFiltering - skip non existing resourceDirectory C:\Dev\Java_web\tuk-team-gem\tuk-team-gem\tuk-team-gem\src\test\resources
2024-11-13 21:35:45,914 [Worker-32: Building] WARN  o.a.m.s.f.DefaultMavenResourcesFiltering - Using platform encoding (UTF-8 actually) to copy filtered resources, i.e. build is platform dependent!
2024-11-13 21:35:45,915 [Worker-32: Building] INFO  o.a.m.s.f.DefaultMavenResourcesFiltering - skip non existing resourceDirectory C:\Dev\Java_web\tuk-team-gem\tuk-team-gem\tuk-team-gem\src\main\resources
2024-11-13 21:35:45,917 [Worker-32: Building] WARN  o.a.m.s.f.DefaultMavenResourcesFiltering - Using platform encoding (UTF-8 actually) to copy filtered resources, i.e. build is platform dependent!
2024-11-13 21:35:45,918 [Worker-32: Building] INFO  o.a.m.s.f.DefaultMavenResourcesFiltering - skip non existing resourceDirectory C:\Dev\Java_web\tuk-team-gem\tuk-team-gem\tuk-team-gem\src\test\resources
2024-11-13 21:36:47,213 [Worker-39: Building] WARN  o.a.m.s.f.DefaultMavenResourcesFiltering - Using platform encoding (UTF-8 actually) to copy filtered resources, i.e. build is platform dependent!
2024-11-13 21:36:47,214 [Worker-39: Building] INFO  o.a.m.s.f.DefaultMavenResourcesFiltering - skip non existing resourceDirectory C:\Dev\Java_web\tuk-team-gem\tuk-team-gem\tuk-team-gem\src\main\resources
2024-11-13 21:36:47,216 [Worker-39: Building] WARN  o.a.m.s.f.DefaultMavenResourcesFiltering - Using platform encoding (UTF-8 actually) to copy filtered resources, i.e. build is platform dependent!
2024-11-13 21:36:47,217 [Worker-39: Building] INFO  o.a.m.s.f.DefaultMavenResourcesFiltering - skip non existing resourceDirectory C:\Dev\Java_web\tuk-team-gem\tuk-team-gem\tuk-team-gem\src\test\resources
2024-11-13 21:53:37,281 [Worker-37: Building] WARN  o.a.m.s.f.DefaultMavenResourcesFiltering - Using platform encoding (UTF-8 actually) to copy filtered resources, i.e. build is platform dependent!
2024-11-13 21:53:37,282 [Worker-37: Building] INFO  o.a.m.s.f.DefaultMavenResourcesFiltering - skip non existing resourceDirectory C:\Dev\Java_web\tuk-team-gem\tuk-team-gem\tuk-team-gem\src\main\resources
2024-11-13 21:53:37,284 [Worker-37: Building] WARN  o.a.m.s.f.DefaultMavenResourcesFiltering - Using platform encoding (UTF-8 actually) to copy filtered resources, i.e. build is platform dependent!
2024-11-13 21:53:37,285 [Worker-37: Building] INFO  o.a.m.s.f.DefaultMavenResourcesFiltering - skip non existing resourceDirectory C:\Dev\Java_web\tuk-team-gem\tuk-team-gem\tuk-team-gem\src\test\resources
2024-11-13 21:54:46,401 [Worker-39: Building] WARN  o.a.m.s.f.DefaultMavenResourcesFiltering - Using platform encoding (UTF-8 actually) to copy filtered resources, i.e. build is platform dependent!
2024-11-13 21:54:46,402 [Worker-39: Building] INFO  o.a.m.s.f.DefaultMavenResourcesFiltering - skip non existing resourceDirectory C:\Dev\Java_web\tuk-team-gem\tuk-team-gem\tuk-team-gem\src\main\resources
2024-11-13 21:54:46,404 [Worker-39: Building] WARN  o.a.m.s.f.DefaultMavenResourcesFiltering - Using platform encoding (UTF-8 actually) to copy filtered resources, i.e. build is platform dependent!
2024-11-13 21:54:46,405 [Worker-39: Building] INFO  o.a.m.s.f.DefaultMavenResourcesFiltering - skip non existing resourceDirectory C:\Dev\Java_web\tuk-team-gem\tuk-team-gem\tuk-team-gem\src\test\resources
2024-11-13 21:55:27,971 [Worker-39: Building] WARN  o.a.m.s.f.DefaultMavenResourcesFiltering - Using platform encoding (UTF-8 actually) to copy filtered resources, i.e. build is platform dependent!
2024-11-13 21:55:27,972 [Worker-39: Building] INFO  o.a.m.s.f.DefaultMavenResourcesFiltering - skip non existing resourceDirectory C:\Dev\Java_web\tuk-team-gem\tuk-team-gem\tuk-team-gem\src\main\resources
2024-11-13 21:55:27,973 [Worker-39: Building] WARN  o.a.m.s.f.DefaultMavenResourcesFiltering - Using platform encoding (UTF-8 actually) to copy filtered resources, i.e. build is platform dependent!
2024-11-13 21:55:27,974 [Worker-39: Building] INFO  o.a.m.s.f.DefaultMavenResourcesFiltering - skip non existing resourceDirectory C:\Dev\Java_web\tuk-team-gem\tuk-team-gem\tuk-team-gem\src\test\resources
2024-11-13 21:55:41,947 [Worker-44: Building] WARN  o.a.m.s.f.DefaultMavenResourcesFiltering - Using platform encoding (UTF-8 actually) to copy filtered resources, i.e. build is platform dependent!
2024-11-13 21:55:41,947 [Worker-44: Building] INFO  o.a.m.s.f.DefaultMavenResourcesFiltering - skip non existing resourceDirectory C:\Dev\Java_web\tuk-team-gem\tuk-team-gem\tuk-team-gem\src\main\resources
2024-11-13 21:55:41,963 [Worker-44: Building] WARN  o.a.m.s.f.DefaultMavenResourcesFiltering - Using platform encoding (UTF-8 actually) to copy filtered resources, i.e. build is platform dependent!
2024-11-13 21:55:41,963 [Worker-44: Building] INFO  o.a.m.s.f.DefaultMavenResourcesFiltering - skip non existing resourceDirectory C:\Dev\Java_web\tuk-team-gem\tuk-team-gem\tuk-team-gem\src\test\resources
2024-11-13 21:55:47,594 [Worker-37: Building] WARN  o.a.m.s.f.DefaultMavenResourcesFiltering - Using platform encoding (UTF-8 actually) to copy filtered resources, i.e. build is platform dependent!
2024-11-13 21:55:47,594 [Worker-37: Building] INFO  o.a.m.s.f.DefaultMavenResourcesFiltering - skip non existing resourceDirectory C:\Dev\Java_web\tuk-team-gem\tuk-team-gem\tuk-team-gem\src\main\resources
2024-11-13 21:55:47,594 [Worker-37: Building] WARN  o.a.m.s.f.DefaultMavenResourcesFiltering - Using platform encoding (UTF-8 actually) to copy filtered resources, i.e. build is platform dependent!
2024-11-13 21:55:47,594 [Worker-37: Building] INFO  o.a.m.s.f.DefaultMavenResourcesFiltering - skip non existing resourceDirectory C:\Dev\Java_web\tuk-team-gem\tuk-team-gem\tuk-team-gem\src\test\resources
2024-11-13 21:56:21,906 [Worker-37: Building] WARN  o.a.m.s.f.DefaultMavenResourcesFiltering - Using platform encoding (UTF-8 actually) to copy filtered resources, i.e. build is platform dependent!
2024-11-13 21:56:21,908 [Worker-37: Building] INFO  o.a.m.s.f.DefaultMavenResourcesFiltering - skip non existing resourceDirectory C:\Dev\Java_web\tuk-team-gem\tuk-team-gem\tuk-team-gem\src\main\resources
2024-11-13 21:56:21,910 [Worker-37: Building] WARN  o.a.m.s.f.DefaultMavenResourcesFiltering - Using platform encoding (UTF-8 actually) to copy filtered resources, i.e. build is platform dependent!
2024-11-13 21:56:21,911 [Worker-37: Building] INFO  o.a.m.s.f.DefaultMavenResourcesFiltering - skip non existing resourceDirectory C:\Dev\Java_web\tuk-team-gem\tuk-team-gem\tuk-team-gem\src\test\resources
2024-11-13 21:56:34,376 [Worker-43: Building] WARN  o.a.m.s.f.DefaultMavenResourcesFiltering - Using platform encoding (UTF-8 actually) to copy filtered resources, i.e. build is platform dependent!
2024-11-13 21:56:34,377 [Worker-43: Building] INFO  o.a.m.s.f.DefaultMavenResourcesFiltering - skip non existing resourceDirectory C:\Dev\Java_web\tuk-team-gem\tuk-team-gem\tuk-team-gem\src\main\resources
2024-11-13 21:56:34,379 [Worker-43: Building] WARN  o.a.m.s.f.DefaultMavenResourcesFiltering - Using platform encoding (UTF-8 actually) to copy filtered resources, i.e. build is platform dependent!
2024-11-13 21:56:34,380 [Worker-43: Building] INFO  o.a.m.s.f.DefaultMavenResourcesFiltering - skip non existing resourceDirectory C:\Dev\Java_web\tuk-team-gem\tuk-team-gem\tuk-team-gem\src\test\resources
2024-11-13 21:57:42,664 [Worker-37: Building] WARN  o.a.m.s.f.DefaultMavenResourcesFiltering - Using platform encoding (UTF-8 actually) to copy filtered resources, i.e. build is platform dependent!
2024-11-13 21:57:42,665 [Worker-37: Building] INFO  o.a.m.s.f.DefaultMavenResourcesFiltering - skip non existing resourceDirectory C:\Dev\Java_web\tuk-team-gem\tuk-team-gem\tuk-team-gem\src\main\resources
2024-11-13 21:57:42,667 [Worker-37: Building] WARN  o.a.m.s.f.DefaultMavenResourcesFiltering - Using platform encoding (UTF-8 actually) to copy filtered resources, i.e. build is platform dependent!
2024-11-13 21:57:42,667 [Worker-37: Building] INFO  o.a.m.s.f.DefaultMavenResourcesFiltering - skip non existing resourceDirectory C:\Dev\Java_web\tuk-team-gem\tuk-team-gem\tuk-team-gem\src\test\resources
2024-11-13 21:58:59,671 [Worker-39: Building] WARN  o.a.m.s.f.DefaultMavenResourcesFiltering - Using platform encoding (UTF-8 actually) to copy filtered resources, i.e. build is platform dependent!
2024-11-13 21:58:59,672 [Worker-39: Building] INFO  o.a.m.s.f.DefaultMavenResourcesFiltering - skip non existing resourceDirectory C:\Dev\Java_web\tuk-team-gem\tuk-team-gem\tuk-team-gem\src\main\resources
2024-11-13 21:58:59,675 [Worker-39: Building] WARN  o.a.m.s.f.DefaultMavenResourcesFiltering - Using platform encoding (UTF-8 actually) to copy filtered resources, i.e. build is platform dependent!
2024-11-13 21:58:59,676 [Worker-39: Building] INFO  o.a.m.s.f.DefaultMavenResourcesFiltering - skip non existing resourceDirectory C:\Dev\Java_web\tuk-team-gem\tuk-team-gem\tuk-team-gem\src\test\resources
2024-11-13 21:59:26,689 [Worker-42: Building] WARN  o.a.m.s.f.DefaultMavenResourcesFiltering - Using platform encoding (UTF-8 actually) to copy filtered resources, i.e. build is platform dependent!
2024-11-13 21:59:26,690 [Worker-42: Building] INFO  o.a.m.s.f.DefaultMavenResourcesFiltering - skip non existing resourceDirectory C:\Dev\Java_web\tuk-team-gem\tuk-team-gem\tuk-team-gem\src\main\resources
2024-11-13 21:59:26,692 [Worker-42: Building] WARN  o.a.m.s.f.DefaultMavenResourcesFiltering - Using platform encoding (UTF-8 actually) to copy filtered resources, i.e. build is platform dependent!
2024-11-13 21:59:26,693 [Worker-42: Building] INFO  o.a.m.s.f.DefaultMavenResourcesFiltering - skip non existing resourceDirectory C:\Dev\Java_web\tuk-team-gem\tuk-team-gem\tuk-team-gem\src\test\resources
2024-11-13 21:59:52,543 [Worker-44: Building] WARN  o.a.m.s.f.DefaultMavenResourcesFiltering - Using platform encoding (UTF-8 actually) to copy filtered resources, i.e. build is platform dependent!
2024-11-13 21:59:52,544 [Worker-44: Building] INFO  o.a.m.s.f.DefaultMavenResourcesFiltering - skip non existing resourceDirectory C:\Dev\Java_web\tuk-team-gem\tuk-team-gem\tuk-team-gem\src\main\resources
2024-11-13 21:59:52,546 [Worker-44: Building] WARN  o.a.m.s.f.DefaultMavenResourcesFiltering - Using platform encoding (UTF-8 actually) to copy filtered resources, i.e. build is platform dependent!
2024-11-13 21:59:52,546 [Worker-44: Building] INFO  o.a.m.s.f.DefaultMavenResourcesFiltering - skip non existing resourceDirectory C:\Dev\Java_web\tuk-team-gem\tuk-team-gem\tuk-team-gem\src\test\resources
2024-11-13 22:00:21,116 [Worker-39: Building] WARN  o.a.m.s.f.DefaultMavenResourcesFiltering - Using platform encoding (UTF-8 actually) to copy filtered resources, i.e. build is platform dependent!
2024-11-13 22:00:21,116 [Worker-39: Building] INFO  o.a.m.s.f.DefaultMavenResourcesFiltering - skip non existing resourceDirectory C:\Dev\Java_web\tuk-team-gem\tuk-team-gem\tuk-team-gem\src\main\resources
2024-11-13 22:00:21,116 [Worker-39: Building] WARN  o.a.m.s.f.DefaultMavenResourcesFiltering - Using platform encoding (UTF-8 actually) to copy filtered resources, i.e. build is platform dependent!
2024-11-13 22:00:21,116 [Worker-39: Building] INFO  o.a.m.s.f.DefaultMavenResourcesFiltering - skip non existing resourceDirectory C:\Dev\Java_web\tuk-team-gem\tuk-team-gem\tuk-team-gem\src\test\resources
2024-11-13 22:02:17,691 [Worker-45: Building] WARN  o.a.m.s.f.DefaultMavenResourcesFiltering - Using platform encoding (UTF-8 actually) to copy filtered resources, i.e. build is platform dependent!
2024-11-13 22:02:17,692 [Worker-45: Building] INFO  o.a.m.s.f.DefaultMavenResourcesFiltering - skip non existing resourceDirectory C:\Dev\Java_web\tuk-team-gem\tuk-team-gem\tuk-team-gem\src\main\resources
2024-11-13 22:02:17,695 [Worker-45: Building] WARN  o.a.m.s.f.DefaultMavenResourcesFiltering - Using platform encoding (UTF-8 actually) to copy filtered resources, i.e. build is platform dependent!
2024-11-13 22:02:17,696 [Worker-45: Building] INFO  o.a.m.s.f.DefaultMavenResourcesFiltering - skip non existing resourceDirectory C:\Dev\Java_web\tuk-team-gem\tuk-team-gem\tuk-team-gem\src\test\resources
2024-11-13 22:02:52,896 [Worker-44: Building] WARN  o.a.m.s.f.DefaultMavenResourcesFiltering - Using platform encoding (UTF-8 actually) to copy filtered resources, i.e. build is platform dependent!
2024-11-13 22:02:52,896 [Worker-44: Building] INFO  o.a.m.s.f.DefaultMavenResourcesFiltering - skip non existing resourceDirectory C:\Dev\Java_web\tuk-team-gem\tuk-team-gem\tuk-team-gem\src\main\resources
2024-11-13 22:02:52,896 [Worker-44: Building] WARN  o.a.m.s.f.DefaultMavenResourcesFiltering - Using platform encoding (UTF-8 actually) to copy filtered resources, i.e. build is platform dependent!
2024-11-13 22:02:52,896 [Worker-44: Building] INFO  o.a.m.s.f.DefaultMavenResourcesFiltering - skip non existing resourceDirectory C:\Dev\Java_web\tuk-team-gem\tuk-team-gem\tuk-team-gem\src\test\resources
2024-11-13 22:03:33,056 [Worker-45: Building] WARN  o.a.m.s.f.DefaultMavenResourcesFiltering - Using platform encoding (UTF-8 actually) to copy filtered resources, i.e. build is platform dependent!
2024-11-13 22:03:33,057 [Worker-45: Building] INFO  o.a.m.s.f.DefaultMavenResourcesFiltering - skip non existing resourceDirectory C:\Dev\Java_web\tuk-team-gem\tuk-team-gem\tuk-team-gem\src\main\resources
2024-11-13 22:03:33,059 [Worker-45: Building] WARN  o.a.m.s.f.DefaultMavenResourcesFiltering - Using platform encoding (UTF-8 actually) to copy filtered resources, i.e. build is platform dependent!
2024-11-13 22:03:33,060 [Worker-45: Building] INFO  o.a.m.s.f.DefaultMavenResourcesFiltering - skip non existing resourceDirectory C:\Dev\Java_web\tuk-team-gem\tuk-team-gem\tuk-team-gem\src\test\resources
2024-11-13 22:04:02,024 [Worker-45: Building] WARN  o.a.m.s.f.DefaultMavenResourcesFiltering - Using platform encoding (UTF-8 actually) to copy filtered resources, i.e. build is platform dependent!
2024-11-13 22:04:02,025 [Worker-45: Building] INFO  o.a.m.s.f.DefaultMavenResourcesFiltering - skip non existing resourceDirectory C:\Dev\Java_web\tuk-team-gem\tuk-team-gem\tuk-team-gem\src\main\resources
2024-11-13 22:04:02,027 [Worker-45: Building] WARN  o.a.m.s.f.DefaultMavenResourcesFiltering - Using platform encoding (UTF-8 actually) to copy filtered resources, i.e. build is platform dependent!
2024-11-13 22:04:02,028 [Worker-45: Building] INFO  o.a.m.s.f.DefaultMavenResourcesFiltering - skip non existing resourceDirectory C:\Dev\Java_web\tuk-team-gem\tuk-team-gem\tuk-team-gem\src\test\resources
2024-11-13 22:04:12,001 [Worker-46: Building] WARN  o.a.m.s.f.DefaultMavenResourcesFiltering - Using platform encoding (UTF-8 actually) to copy filtered resources, i.e. build is platform dependent!
2024-11-13 22:04:12,001 [Worker-46: Building] INFO  o.a.m.s.f.DefaultMavenResourcesFiltering - skip non existing resourceDirectory C:\Dev\Java_web\tuk-team-gem\tuk-team-gem\tuk-team-gem\src\main\resources
2024-11-13 22:04:12,017 [Worker-46: Building] WARN  o.a.m.s.f.DefaultMavenResourcesFiltering - Using platform encoding (UTF-8 actually) to copy filtered resources, i.e. build is platform dependent!
2024-11-13 22:04:12,017 [Worker-46: Building] INFO  o.a.m.s.f.DefaultMavenResourcesFiltering - skip non existing resourceDirectory C:\Dev\Java_web\tuk-team-gem\tuk-team-gem\tuk-team-gem\src\test\resources
2024-11-13 22:04:37,945 [Worker-46: Building] WARN  o.a.m.s.f.DefaultMavenResourcesFiltering - Using platform encoding (UTF-8 actually) to copy filtered resources, i.e. build is platform dependent!
2024-11-13 22:04:37,945 [Worker-46: Building] INFO  o.a.m.s.f.DefaultMavenResourcesFiltering - skip non existing resourceDirectory C:\Dev\Java_web\tuk-team-gem\tuk-team-gem\tuk-team-gem\src\main\resources
2024-11-13 22:04:37,947 [Worker-46: Building] WARN  o.a.m.s.f.DefaultMavenResourcesFiltering - Using platform encoding (UTF-8 actually) to copy filtered resources, i.e. build is platform dependent!
2024-11-13 22:04:37,948 [Worker-46: Building] INFO  o.a.m.s.f.DefaultMavenResourcesFiltering - skip non existing resourceDirectory C:\Dev\Java_web\tuk-team-gem\tuk-team-gem\tuk-team-gem\src\test\resources
2024-11-13 22:06:57,091 [Worker-46: Building] WARN  o.a.m.s.f.DefaultMavenResourcesFiltering - Using platform encoding (UTF-8 actually) to copy filtered resources, i.e. build is platform dependent!
2024-11-13 22:06:57,092 [Worker-46: Building] INFO  o.a.m.s.f.DefaultMavenResourcesFiltering - skip non existing resourceDirectory C:\Dev\Java_web\tuk-team-gem\tuk-team-gem\tuk-team-gem\src\main\resources
2024-11-13 22:06:57,094 [Worker-46: Building] WARN  o.a.m.s.f.DefaultMavenResourcesFiltering - Using platform encoding (UTF-8 actually) to copy filtered resources, i.e. build is platform dependent!
2024-11-13 22:06:57,095 [Worker-46: Building] INFO  o.a.m.s.f.DefaultMavenResourcesFiltering - skip non existing resourceDirectory C:\Dev\Java_web\tuk-team-gem\tuk-team-gem\tuk-team-gem\src\test\resources
2024-11-13 22:07:28,501 [Worker-47: Building] WARN  o.a.m.s.f.DefaultMavenResourcesFiltering - Using platform encoding (UTF-8 actually) to copy filtered resources, i.e. build is platform dependent!
2024-11-13 22:07:28,501 [Worker-47: Building] INFO  o.a.m.s.f.DefaultMavenResourcesFiltering - skip non existing resourceDirectory C:\Dev\Java_web\tuk-team-gem\tuk-team-gem\tuk-team-gem\src\main\resources
2024-11-13 22:07:28,516 [Worker-47: Building] WARN  o.a.m.s.f.DefaultMavenResourcesFiltering - Using platform encoding (UTF-8 actually) to copy filtered resources, i.e. build is platform dependent!
2024-11-13 22:07:28,516 [Worker-47: Building] INFO  o.a.m.s.f.DefaultMavenResourcesFiltering - skip non existing resourceDirectory C:\Dev\Java_web\tuk-team-gem\tuk-team-gem\tuk-team-gem\src\test\resources
2024-11-14 13:48:08,355 [Worker-0: Loading available Gradle versions] INFO  o.e.b.c.i.u.g.PublishedGradleVersions - Gradle version information cache is up-to-date. Trying to read.
2024-11-14 13:49:15,509 [Worker-8: Building] WARN  o.a.m.s.f.DefaultMavenResourcesFiltering - Using platform encoding (UTF-8 actually) to copy filtered resources, i.e. build is platform dependent!
2024-11-14 13:49:15,513 [Worker-8: Building] INFO  o.a.m.s.f.DefaultMavenResourcesFiltering - skip non existing resourceDirectory C:\Dev\Java_web\tuk-team-gem\tuk-team-gem\tuk-team-gem\src\main\resources
2024-11-14 13:49:15,520 [Worker-8: Building] WARN  o.a.m.s.f.DefaultMavenResourcesFiltering - Using platform encoding (UTF-8 actually) to copy filtered resources, i.e. build is platform dependent!
2024-11-14 13:49:15,521 [Worker-8: Building] INFO  o.a.m.s.f.DefaultMavenResourcesFiltering - skip non existing resourceDirectory C:\Dev\Java_web\tuk-team-gem\tuk-team-gem\tuk-team-gem\src\test\resources
2024-11-14 15:59:04,771 [Worker-3: Loading available Gradle versions] INFO  o.e.b.c.i.u.g.PublishedGradleVersions - Gradle version information cache is up-to-date. Trying to read.
2024-11-14 15:59:19,041 [Worker-12: Building] WARN  o.a.m.s.f.DefaultMavenResourcesFiltering - Using platform encoding (UTF-8 actually) to copy filtered resources, i.e. build is platform dependent!
2024-11-14 15:59:19,044 [Worker-12: Building] INFO  o.a.m.s.f.DefaultMavenResourcesFiltering - skip non existing resourceDirectory C:\Dev\Java_web\tuk-team-gem\tuk-team-gem\tuk-team-gem\src\main\resources
2024-11-14 15:59:19,065 [Worker-12: Building] WARN  o.a.m.s.f.DefaultMavenResourcesFiltering - Using platform encoding (UTF-8 actually) to copy filtered resources, i.e. build is platform dependent!
2024-11-14 15:59:19,068 [Worker-12: Building] INFO  o.a.m.s.f.DefaultMavenResourcesFiltering - skip non existing resourceDirectory C:\Dev\Java_web\tuk-team-gem\tuk-team-gem\tuk-team-gem\src\test\resources
